<?xml version="1.0" encoding="UTF-8"?>
<testsuite xmlns:xsi="http://www.w3.org/2001/XMLSchema-instance" xsi:noNamespaceSchemaLocation="https://maven.apache.org/surefire/maven-surefire-plugin/xsd/surefire-test-report-3.0.xsd" version="3.0" name="pe.edu.vallegrande.videosdonwload.VideosDonwloadApplicationTests" time="11.014" tests="1" errors="0" skipped="0" failures="0">
  <properties>
[...]
</properties>
  <testcase name="contextLoads" classname="pe.edu.vallegrande.videosdonwload.VideosDonwloadApplicationTests" time="1.921">
    <system-out><![CDATA[13:05:22.644 [main] INFO org.springframework.test.context.support.AnnotationConfigContextLoaderUtils -- Could not detect default configuration classes for test class [pe.edu.vallegrande.videosdonwload.VideosDonwloadApplicationTests]: VideosDonwloadApplicationTests does not declare any static, non-private, non-final, nested classes annotated with @Configuration.
13:05:23.365 [main] INFO org.springframework.boot.test.context.SpringBootTestContextBootstrapper -- Found @SpringBootConfiguration pe.edu.vallegrande.videosdonwload.VideosDonwloadApplication for test class pe.edu.vallegrande.videosdonwload.VideosDonwloadApplicationTests

  .   ____          _            __ _ _
 /\\ / ___'_ __ _ _(_)_ __  __ _ \ \ \ \
( ( )\___ | '_ | '_| | '_ \/ _` | \ \ \ \
 \\/  ___)| |_)| | | | | || (_| |  ) ) ) )
  '  |____| .__|_| |_|_| |_\__, | / / / /
 =========|_|==============|___/=/_/_/_/

 :: Spring Boot ::                (v3.3.4)

2025-06-21T13:05:24.947-05:00  INFO 27115 --- [donwload] [           main] p.e.v.v.VideosDonwloadApplicationTests   : Starting VideosDonwloadApplicationTests using Java 17.0.12 with PID 27115 (started by tasayco in /home/tasayco/Documentos/All-Donwload-Videos-api)
2025-06-21T13:05:24.950-05:00  INFO 27115 --- [donwload] [           main] p.e.v.v.VideosDonwloadApplicationTests   : No active profile set, falling back to 1 default profile: "default"
2025-06-21T13:05:26.878-05:00  INFO 27115 --- [donwload] [           main] .s.d.r.c.RepositoryConfigurationDelegate : Bootstrapping Spring Data R2DBC repositories in DEFAULT mode.
2025-06-21T13:05:27.175-05:00  INFO 27115 --- [donwload] [           main] .s.d.r.c.RepositoryConfigurationDelegate : Finished Spring Data repository scanning in 289 ms. Found 1 R2DBC repository interface.
2025-06-21T13:05:30.521-05:00  INFO 27115 --- [donwload] [           main] p.e.v.v.VideosDonwloadApplicationTests   : Started VideosDonwloadApplicationTests in 6.199 seconds (process running for 10.98)
]]></system-out>
  </testcase>
</testsuite>